[debug] [2022-12-14T08:00:31.234Z] ----------------------------------------------------------------------
[debug] [2022-12-14T08:00:31.236Z] Command:       /usr/local/bin/node /mnt/c/Users/anime/AppData/Roaming/npm/node_modules/firebase-tools/lib/bin/firebase.js deploy
[debug] [2022-12-14T08:00:31.237Z] CLI Version:   11.8.0
[debug] [2022-12-14T08:00:31.237Z] Platform:      linux
[debug] [2022-12-14T08:00:31.237Z] Node Version:  v16.15.1
[debug] [2022-12-14T08:00:31.240Z] Time:          Wed Dec 14 2022 13:30:31 GMT+0530 (India Standard Time)
[debug] [2022-12-14T08:00:31.241Z] ----------------------------------------------------------------------
[debug] 
[debug] [2022-12-14T08:00:31.374Z] > command requires scopes: ["email","openid","https://www.googleapis.com/auth/cloudplatformprojects.readonly","https://www.googleapis.com/auth/firebase","https://www.googleapis.com/auth/cloud-platform"]
[debug] [2022-12-14T08:00:31.374Z] > authorizing via signed-in user (animesh.shrivatri2002@gmail.com)
[debug] [2022-12-14T08:00:31.374Z] [iam] checking project lpusigma for permissions ["firebase.projects.get","firebasehosting.sites.update"]
[debug] [2022-12-14T08:00:31.376Z] > refreshing access token with scopes: []
[debug] [2022-12-14T08:00:31.378Z] >>> [apiv2][query] POST https://www.googleapis.com/oauth2/v3/token [none]
[debug] [2022-12-14T08:00:31.378Z] >>> [apiv2][body] POST https://www.googleapis.com/oauth2/v3/token [omitted]
[debug] [2022-12-14T08:00:32.008Z] <<< [apiv2][status] POST https://www.googleapis.com/oauth2/v3/token 200
[debug] [2022-12-14T08:00:32.009Z] <<< [apiv2][body] POST https://www.googleapis.com/oauth2/v3/token [omitted]
[debug] [2022-12-14T08:00:32.021Z] >>> [apiv2][query] POST https://cloudresourcemanager.googleapis.com/v1/projects/lpusigma:testIamPermissions [none]
[debug] [2022-12-14T08:00:32.021Z] >>> [apiv2][(partial)header] POST https://cloudresourcemanager.googleapis.com/v1/projects/lpusigma:testIamPermissions x-goog-quota-user=projects/lpusigma
[debug] [2022-12-14T08:00:32.021Z] >>> [apiv2][body] POST https://cloudresourcemanager.googleapis.com/v1/projects/lpusigma:testIamPermissions {"permissions":["firebase.projects.get","firebasehosting.sites.update"]}
[debug] [2022-12-14T08:00:34.160Z] <<< [apiv2][status] POST https://cloudresourcemanager.googleapis.com/v1/projects/lpusigma:testIamPermissions 200
[debug] [2022-12-14T08:00:34.160Z] <<< [apiv2][body] POST https://cloudresourcemanager.googleapis.com/v1/projects/lpusigma:testIamPermissions {}
[debug] [2022-12-14T08:00:34.161Z] [iam] error while checking permissions, command may fail: FirebaseError: Authorization failed. This account is missing the following required permissions on project lpusigma:

  firebase.projects.get
  firebasehosting.sites.update
[debug] [2022-12-14T08:00:34.162Z] >>> [apiv2][query] GET https://firebase.googleapis.com/v1beta1/projects/lpusigma [none]
[debug] [2022-12-14T08:00:34.985Z] <<< [apiv2][status] GET https://firebase.googleapis.com/v1beta1/projects/lpusigma 403
[debug] [2022-12-14T08:00:34.986Z] <<< [apiv2][body] GET https://firebase.googleapis.com/v1beta1/projects/lpusigma {"error":{"code":403,"message":"The caller does not have permission","status":"PERMISSION_DENIED"}}
[debug] [2022-12-14T08:00:34.987Z] HTTP Error: 403, The caller does not have permission
[debug] [2022-12-14T08:00:35.460Z] FirebaseError: HTTP Error: 403, The caller does not have permission
    at responseToError (/mnt/c/Users/anime/AppData/Roaming/npm/node_modules/firebase-tools/lib/responseToError.js:49:12)
    at RetryOperation._fn (/mnt/c/Users/anime/AppData/Roaming/npm/node_modules/firebase-tools/lib/apiv2.js:288:77)
    at processTicksAndRejections (node:internal/process/task_queues:96:5)
[error] 
[error] Error: Failed to get Firebase project lpusigma. Please make sure the project exists and your account has permission to access it.
